<?xml version="1.0" encoding="UTF-8"?>
<!-- Generated by org.testng.reporters.JUnitReportReporter -->
<testsuite hostname="abhinandan" name="stpDefinition.StepDefinition" tests="1" failures="0" timestamp="31 Jan 2018 10:05:16 GMT" time="7.475" errors="0">
  <testcase name="OpenBrowser" time="7.475" classname="stpDefinition.StepDefinition"/>
</testsuite> <!-- stpDefinition.StepDefinition -->
