<?xml version="1.0" encoding="UTF-8"?>
<!-- Generated by org.testng.reporters.JUnitReportReporter -->
<testsuite hostname="abhinandan" name="com.homepage.homePage" tests="1" failures="0" timestamp="31 Jan 2018 11:02:11 GMT" time="6.573" errors="0">
  <testcase name="OpenBrowser" time="6.573" classname="com.homepage.homePage"/>
</testsuite> <!-- com.homepage.homePage -->
