<?xml version="1.0" encoding="UTF-8"?>
<!-- Generated by org.testng.reporters.JUnitReportReporter -->
<testsuite hostname="abhinandan" name="featurefiles.chukes" tests="1" failures="0" timestamp="31 Jan 2018 11:02:11 GMT" time="6.517" errors="0">
  <testcase name="OpenBrowser" time="6.517" classname="featurefiles.chukes"/>
</testsuite> <!-- featurefiles.chukes -->
